acquire framebuffer:88275820785:88276568715:88276686024:88276686024
clear framebuffer:88275825812:88276573916:88276686172:88276764987
write patches:88276191144:88276592541:88276764987:88278551950
dice:88276193750:88277031035:88278552098:88278754321
shade:88276195138:88277395736:88278754321:88278924246
clear heads:88276196085:88277749397:88278924246:88278927209
assign blocks:88276197377:88277762501:88278927209:88278942469
sample:88276198818:88278112346:88278942469:88279934913
write patches:88276552641:88278467204:88279934913:88281982765
dice:88276553966:88280168845:88281982765:88282188098
shade:88276554873:88280533381:88282188098:88282364543
clear heads:88276555573:88280995315:88282364543:88282367506
assign blocks:88276556558:88281012360:88282367506:88282383802
sample:88276557655:88281475602:88282383802:88283414765
write patches:88283832034:88283850545:88284019479:88285851035
dice:88283836004:88284296381:88285851035:88286051923
shade:88283837446:88284664303:88286051923:88286209553
clear heads:88283838466:88285083207:88286209553:88286212516
assign blocks:88283839699:88285096770:88286212516:88286226590
sample:88283841073:88285444988:88286226590:88286878294
write patches:88284371865:88285801829:88286878294:88288628516
dice:88284375383:88287083935:88288628664:88288832516
shade:88284377247:88287447502:88288832516:88288989998
clear heads:88284378604:88287799750:88288989998:88288992960
assign blocks:88284380204:88287812782:88288992960:88289008220
sample:88284382035:88288221504:88289008220:88289771479
write patches:88290139524:88290157674:88290360053:88291648941
dice:88290142788:88290511613:88291649090:88291852053
shade:88290144155:88290781961:88291852053:88291993386
clear heads:88290145066:88291041876:88291993386:88291995904
assign blocks:88290146297:88291052181:88291995904:88292007312
sample:88290147805:88291305094:88292007312:88292682719
write patches:88290325127:88291566657:88292682719:88294055756
dice:88290332460:88292859920:88294055904:88294135904
shade:88290334843:88293145093:88294135904:88294188793
clear heads:88290336239:88293416882:88294188793:88294191608
assign blocks:88290338389:88293431311:88294191608:88294200941
sample:88290340257:88293697659:88294200941:88294383460
release framebuffer:88290342371:88293972312:88294383460:88294383460
