acquire framebuffer:5055149772104:5055152810457:5055152946706:5055152946706
clear framebuffer:5055149781347:5055152816082:5055152946854:5055153022113
write patches:5055151145515:5055152852262:5055153022113:5055154655002
dice:5055151148133:5055153343238:5055154655002:5055155050854
shade:5055151149712:5055153659779:5055155050854:5055155373965
clear heads:5055151150955:5055153962387:5055155373965:5055155376928
assign blocks:5055151152641:5055153974518:5055155376928:5055155394706
sample:5055151154335:5055154273098:5055155394706:5055156709521
write patches:5055152041881:5055154574622:5055156709521:5055158276928
dice:5055152045252:5055156966797:5055158277076:5055158673965
shade:5055152046641:5055157282288:5055158673965:5055158969669
clear heads:5055152047940:5055157583593:5055158969669:5055158972484
assign blocks:5055152049494:5055157595581:5055158972484:5055158988484
sample:5055152050940:5055157894053:5055158988484:5055159862854
write patches:5055152728556:5055158195454:5055159862854:5055161378558
dice:5055152730172:5055160077195:5055161378706:5055161647002
shade:5055152731636:5055160389246:5055161647002:5055161829521
clear heads:5055152732666:5055160689775:5055161829521:5055161832335
assign blocks:5055152734141:5055160701883:5055161832484:5055161844484
sample:5055152735539:5055160999377:5055161844484:5055162546854
release framebuffer:5055152737030:5055161300797:5055162546854:5055162546854
