acquire framebuffer:5267177077463:5267180830981:5267180906260:5267180906260
clear framebuffer:5267177086398:5267180835945:5267180906409:5267180985520
write patches:5267178648803:5267180859167:5267180985520:5267182347149
dice:5267178653941:5267180945432:5267182347297:5267182779446
shade:5267178656886:5267181290308:5267182779446:5267183106409
clear heads:5267178658746:5267181625210:5267183106409:5267183108927
assign blocks:5267178661367:5267181638114:5267183108927:5267183126409
sample:5267178664020:5267181969064:5267183126409:5267184536779
write patches:5267180211707:5267182303600:5267184536779:5267184537223
dice:5267180215050:5267182381563:5267184537223:5267184967742
shade:5267180216556:5267182724425:5267184967742:5267185263594
clear heads:5267180217752:5267183056534:5267185263594:5267185266260
assign blocks:5267180219058:5267183069226:5267185266260:5267185282705
sample:5267180220588:5267183400250:5267185282705:5267186157371
write patches:5267180813627:5267183734030:5267186157371:5267186157816
dice:5267180815148:5267183798692:5267186157816:5267186454409
shade:5267180816476:5267184298218:5267186454409:5267186639742
clear heads:5267180817304:5267184634188:5267186639742:5267186642112
assign blocks:5267180818346:5267184647388:5267186642112:5267186653816
sample:5267180819498:5267184979076:5267186653816:5267187427297
release framebuffer:5267180821008:5267185314367:5267187427297:5267187427297
