release framebuffer@rasterization:366837317766:366837323161:366837343620:366837343768
sample@rasterization:366836521440:366837151113:366837228064:366837308213
shade@rasterization:366836520455:366837134333:366837196509:366837224805
dice@rasterization:366836519735:366837125576:366837156953:366837196509
write patch maxs@rasterization:366836518370:366837111081:366837131768:366837156953
write patch mins@rasterization:366836517982:366837096092:366837116805:366837131768
write patch ids@rasterization:366836517527:366837080694:366837101990:366837116657
CPU bound & split@host:366836322456:366836322456:366836322456:366836518665
sample@rasterization:366836321152:366836811427:366836944725:366837073762
shade@rasterization:366836320143:366836803908:366836903096:366836944725
dice@rasterization:366836319374:366836795083:366836836725:366836903096
write patch maxs@rasterization:366836317921:366836780816:366836803096:366836836725
write patch mins@rasterization:366836317392:366836766204:366836788281:366836803096
write patch ids@rasterization:366836316916:366836750764:366836773911:366836788133
CPU bound & split@host:366835918887:366835918887:366835918887:366836318205
sample@rasterization:366835917617:366836588958:366836668321:366836743729
shade@rasterization:366835916713:366836583913:366836645506:366836668321
dice@rasterization:366835916009:366836575438:366836613506:366836645358
write patch maxs@rasterization:366835914690:366836561275:366836583284:366836613358
write patch mins@rasterization:366835914304:366836546659:366836568618:366836583284
write patch ids@rasterization:366835913841:366836531410:366836554099:366836568469
CPU bound & split@host:366835821465:366835821465:366835821465:366835914992
sample@rasterization:366835820065:366836332167:366836423069:366836524403
shade@rasterization:366835818932:366836327179:366836397143:366836423069
dice@rasterization:366835818183:366836318428:366836356699:366836397143
write patch maxs@rasterization:366835816728:366836304007:366836325884:366836356551
write patch mins@rasterization:366835816323:366836288466:366836311069:366836325884
write patch ids@rasterization:366835815857:366836272678:366836295810:366836310921
CPU bound & split@host:366835611554:366835611554:366835611554:366835817023
sample@rasterization:366835610217:366836072982:366836164855:366836266484
shade@rasterization:366835609203:366836055971:366836129892:366836162040
dice@rasterization:366835608441:366836047190:366836079669:366836129892
write patch maxs@rasterization:366835607016:366836032781:366836053595:366836079669
write patch mins@rasterization:366835606590:366836017780:366836039966:366836053595
write patch ids@rasterization:366835605994:366836002067:366836023669:366836039966
CPU bound & split@host:366835331712:366835331712:366835331712:366835607316
sample@rasterization:366835330240:366835808495:366835901180:366835995699
shade@rasterization:366835329230:366835803484:366835874810:366835901180
dice@rasterization:366835328496:366835794908:366835833625:366835874810
write patch maxs@rasterization:366835327060:366835780203:366835801921:366835833625
write patch mins@rasterization:366835326638:366835765095:366835787847:366835801773
write patch ids@rasterization:366835326198:366835749499:366835771699:366835787847
CPU bound & split@host:366835117620:366835117620:366835117620:366835327365
sample@rasterization:366835116228:366835597632:366835669513:366835742846
shade@rasterization:366835115230:366835592677:366835647439:366835669513
dice@rasterization:366835114336:366835581865:366835622698:366835647439
write patch maxs@rasterization:366835112894:366835567428:366835588476:366835622698
write patch mins@rasterization:366835112477:366835552625:366835574846:366835588476
write patch ids@rasterization:366835111990:366835537287:366835558994:366835574846
CPU bound & split@host:366835028436:366835028436:366835028436:366835113221
sample@rasterization:366835027173:366835369248:366835445663:366835530996
shade@rasterization:366835026270:366835364297:366835423440:366835445663
dice@rasterization:366835025537:366835355823:366835394403:366835423440
write patch maxs@rasterization:366835024177:366835341518:366835362848:366835394403
write patch mins@rasterization:366835023655:366835325714:366835349218:366835362848
write patch ids@rasterization:366835023206:366835309842:366835332329:366835349218
CPU bound & split@host:366834905277:366834905277:366834905277:366835024505
sample@rasterization:366834903912:366835157302:366835230691:366835303580
shade@rasterization:366834902829:366835140193:366835200468:366835227283
dice@rasterization:366834902066:366835131462:366835163580:366835200468
write patch maxs@rasterization:366834900658:366835117131:366835138246:366835163431
write patch mins@rasterization:366834900235:366835102363:366835123283:366835138246
write patch ids@rasterization:366834899739:366835087016:366835108765:366835123135
CPU bound & split@host:366834726837:366834726837:366834726837:366834900957
sample@rasterization:366834725425:366834884819:366834983562:366835080599
shade@rasterization:366834724507:366834879783:366834956599:366834983562
dice@rasterization:366834723798:366834871046:366834909636:366834956599
write patch maxs@rasterization:366834722419:366834855956:366834878970:366834909488
write patch mins@rasterization:366834722015:366834841415:366834863414:366834878970
write patch ids@rasterization:366834721510:366834826009:366834848896:366834863266
CPU bound & split@host:366834469050:366834469050:366834469050:366834722735
sample@rasterization:366834467491:366834688911:366834745704:366834818889
shade@rasterization:366834466528:366834683242:366834725260:366834745704
dice@rasterization:366834465805:366834662775:366834689704:366834721704
write patch maxs@rasterization:366834464377:366834648343:366834668371:366834689704
write patch mins@rasterization:366834463979:366834633433:366834654889:366834668371
write patch ids@rasterization:366834463485:366834618128:366834638741:366834654889
CPU bound & split@host:366834356221:366834356221:366834356221:366834464681
sample@rasterization:366834354514:366834413670:366834517593:366834611667
shade@rasterization:366834353546:366834408619:366834487815:366834517593
dice@rasterization:366834352742:366834399632:366834439519:366834487815
write patch maxs@rasterization:366834351130:366834385153:366834407223:366834439519
write patch mins@rasterization:366834350649:366834369896:366834393297:366834407223
write patch ids@rasterization:366834349133:366834352201:366834376704:366834393297
CPU bound & split@host:366834084970:366834084970:366834084970:366834351485
sample@rasterization:366833715445:366833762449:366834005893:366834078930
shade@rasterization:366833714465:366833759388:366833985893:366834005745
dice@rasterization:366833713676:366833752537:366833962782:366833985893
write patch maxs@rasterization:366833712117:366833739836:366833958782:366833962782
write patch mins@rasterization:366833711607:366833726889:366833954930:366833958782
write patch ids@rasterization:366833709619:366833712703:366833952115:366833954930
CPU bound & split@host:366833637033:366833637033:366833637033:366833712478
sample@rasterization:366833636148:366833692492:366833876708:366833950486
shade@rasterization:366833635170:366833689303:366833853745:366833876708
dice@rasterization:366833634324:366833682406:366833825004:366833853745
write patch maxs@rasterization:366833632624:366833663112:366833820856:366833825004
write patch mins@rasterization:366833632067:366833650037:366833817449:366833820708
write patch ids@rasterization:366833630619:366833633475:366833812856:366833817449
CPU bound & split@host:366833511501:366833511501:366833511501:366833632982
sample@rasterization:366833510536:366833566270:366833738486:366833812856
shade@rasterization:366833509429:366833563096:366833714634:366833738486
dice@rasterization:366833508585:366833556192:366833680560:366833714634
write patch maxs@rasterization:366833506987:366833543417:366833676856:366833680560
write patch mins@rasterization:366833506509:366833530111:366833672560:366833676856
write patch ids@rasterization:366833504810:366833507734:366833668560:366833672412
CPU bound & split@host:366833352595:366833352595:366833352595:366833507348
sample@rasterization:366833351582:366833402529:366833593597:366833668560
shade@rasterization:366833350584:366833399320:366833568708:366833593597
dice@rasterization:366833349536:366833392200:366833534041:366833568708
write patch maxs@rasterization:366833347716:366833379554:366833528412:366833534041
write patch mins@rasterization:366833347206:366833366462:366833524856:366833528264
write patch ids@rasterization:366833345658:366833348916:366833520264:366833524856
CPU bound & split@host:366833162814:366833162814:366833162814:366833348147
sample@rasterization:366833161884:366833213298:366833436264:366833520264
shade@rasterization:366833160921:366833210137:366833411227:366833436264
dice@rasterization:366833160033:366833203129:366833371671:366833411227
write patch maxs@rasterization:366833158303:366833190311:366833341301:366833371523
write patch mins@rasterization:366833157879:366833177293:366833337004:366833341301
write patch ids@rasterization:366833156418:366833159614:366833327523:366833337004
CPU bound & split@host:366832959540:366832959540:366832959540:366833158645
sample@rasterization:366832958531:366833014298:366833243671:366833327523
shade@rasterization:366832957512:366833008600:366833220115:366833243671
dice@rasterization:366832956566:366833001585:366833183078:366833220115
write patch maxs@rasterization:366832954975:366832988947:366833118634:366833183078
write patch mins@rasterization:366832954387:366832976088:366833115078:366833118486
write patch ids@rasterization:366832952894:366832957791:366833111078:366833115078
CPU bound & split@host:366832779361:366832779361:366832779361:366832955318
sample@rasterization:366832778341:366832829159:366833040264:366833111078
shade@rasterization:366832777332:366832826056:366833017152:366833040264
dice@rasterization:366832776434:366832819047:366832981301:366833017152
write patch maxs@rasterization:366832774752:366832806242:366832957893:366832981301
write patch mins@rasterization:366832774216:366832793141:366832953745:366832957893
write patch ids@rasterization:366832772560:366832775795:366832949597:366832953745
CPU bound & split@host:366832609404:366832609404:366832609404:366832775095
sample@rasterization:366832608358:366832664788:366832864412:366832949597
shade@rasterization:366832607234:366832661423:366832838486:366832864412
dice@rasterization:366832606117:366832651632:366832798782:366832838486
write patch maxs@rasterization:366832603897:366832636630:366832657449:366832798782
write patch mins@rasterization:366832603405:366832621068:366832643523:366832657301
write patch ids@rasterization:366832601636:366832604918:366832626338:366832643375
CPU bound & split@host:366832395699:366832395699:366832395699:366832604423
clear depthbuffer@rasterization:366832393510:366832400552:366832493987:366832519468
clear framebuffer@rasterization:366832392362:366832393352:366832426876:366832493987
acquire framebuffer@rasterization:366832387313:366832391715:366832426876:366832426876
frame@host:366832322163:366832322163:366832322163:366837397185
