release framebuffer@rasterization:76946701845:76946708888:76956187213:76956187806
sample@rasterization:76866894861:76936787193:76946466769:76946673880
shade@rasterization:76866893805:76936781094:76946400547:76946466176
dice@rasterization:76866892964:76936770863:76946291065:76946399954
write patch maxs@rasterization:76866891364:76936757434:76946255509:76946290472
write patch mins@rasterization:76866890849:76936739258:76946219806:76946254917
write patch ids@rasterization:76866890300:76936703950:76946196843:76946219213
CPU bound & split@host:76866694505:76866694505:76866694505:76866891729
sample@rasterization:76857103499:76926797598:76936382434:76936683767
shade@rasterization:76857102201:76926777621:76936275619:76936373545
dice@rasterization:76857101159:76926764771:76936106730:76936275027
write patch maxs@rasterization:76857097808:76926751010:76936058582:76936106138
write patch mins@rasterization:76857097304:76926734535:76936012064:76936057990
write patch ids@rasterization:76857096363:76926694438:76935983471:76936011471
CPU bound & split@host:76856694900:76856694900:76856694900:76857098429
sample@rasterization:76846801971:76916773422:76926472741:76926682223
shade@rasterization:76846800880:76916767160:76926421778:76926472148
dice@rasterization:76846799936:76916756704:76926345926:76926421334
write patch maxs@rasterization:76846797935:76916743500:76926313778:76926345482
write patch mins@rasterization:76846797479:76916727989:76926283260:76926313186
write patch ids@rasterization:76846796770:76916701342:76926262223:76926282667
CPU bound & split@host:76846694318:76846694318:76846694318:76846798456
sample@rasterization:76836901906:76906765652:76916442978:76916672904
shade@rasterization:76836900825:76906759423:76916379274:76916442386
dice@rasterization:76836899927:76906749290:76916269497:76916378682
write patch maxs@rasterization:76836898302:76906735112:76916231867:76916268904
write patch mins@rasterization:76836897794:76906716910:76916196608:76916231423
write patch ids@rasterization:76836897118:76906683322:76916173052:76916196015
CPU bound & split@host:76836692694:76836692694:76836692694:76836898662
sample@rasterization:76828218039:76896772872:76906400485:76906673077
shade@rasterization:76828216984:76896766661:76906322707:76906399892
dice@rasterization:76828216112:76896751738:76906188040:76906322114
write patch maxs@rasterization:76828214709:76896736525:76906146855:76906187448
write patch mins@rasterization:76828214259:76896718148:76906108040:76906146263
write patch ids@rasterization:76828213780:76896692393:76906083151:76906107448
CPU bound & split@host:76827939302:76827939302:76827939302:76828215038
sample@rasterization:76827937929:76886802262:76896427867:76896672904
shade@rasterization:76827936808:76886795543:76896369793:76896427275
dice@rasterization:76827936003:76886772698:76896240460:76896361645
write patch maxs@rasterization:76827934585:76886757661:76896204460:76896239867
write patch mins@rasterization:76827934122:76886739124:76896167867:76896203867
write patch ids@rasterization:76827933626:76886712984:76896144756:76896167275
CPU bound & split@host:76827725273:76827725273:76827725273:76827934938
sample@rasterization:76827723881:76876781720:76886497545:76886701990
shade@rasterization:76827722825:76876775143:76886447027:76886496953
dice@rasterization:76827721999:76876764552:76886375471:76886446434
write patch maxs@rasterization:76827720349:76876750789:76886344508:76886374879
write patch mins@rasterization:76827719846:76876733061:76886314286:76886343916
write patch ids@rasterization:76827719286:76876705806:76886294138:76886313693
CPU bound & split@host:76827635876:76827635876:76827635876:76827720784
sample@rasterization:76827634468:76866770287:76876456444:76876686518
shade@rasterization:76827633459:76866764034:76876402815:76876455852
dice@rasterization:76827632654:76866753937:76876320296:76876402222
write patch maxs@rasterization:76827631193:76866739779:76876287555:76876319703
write patch mins@rasterization:76827630692:76866721492:76876255555:76876286963
write patch ids@rasterization:76827630073:76866695808:76876233926:76876254963
CPU bound & split@host:76827511806:76827511806:76827511806:76827631525
sample@rasterization:76827510358:76856770299:76866500550:76866676550
shade@rasterization:76827509319:76856764172:76866437735:76866499957
dice@rasterization:76827508507:76856753811:76866334476:76866437142
write patch maxs@rasterization:76827507090:76856738781:76866299365:76866333883
write patch mins@rasterization:76827506592:76856721026:76866265142:76866298772
write patch ids@rasterization:76827506088:76856695275:76866242920:76866264550
CPU bound & split@host:76827333128:76827333128:76827333128:76827507427
sample@rasterization:76827331470:76847864036:76856521213:76856675287
shade@rasterization:76827330462:76847856970:76856482250:76856520916
dice@rasterization:76827329620:76847828793:76856403879:76856477361
write patch maxs@rasterization:76827328162:76847810585:76856389657:76856403435
write patch mins@rasterization:76827327697:76847788022:76856375879:76856389361
write patch ids@rasterization:76827327175:76846695837:76854752620:76856375435
CPU bound & split@host:76827074788:76827074788:76827074788:76827328492
sample@rasterization:76827073099:76836766579:76846481025:76846676284
shade@rasterization:76827072080:76836760580:76846428284:76846480432
dice@rasterization:76827071277:76836750557:76846348284:76846427692
write patch maxs@rasterization:76827069828:76836737033:76846316136:76846347692
write patch mins@rasterization:76827069380:76836719311:76846285025:76846315544
write patch ids@rasterization:76827068850:76836694031:76846264284:76846284432
CPU bound & split@host:76826961503:76826961503:76826961503:76827070154
sample@rasterization:76826959312:76827022444:76836493559:76836675040
shade@rasterization:76826958133:76827016477:76836374596:76836493411
dice@rasterization:76826957040:76827006672:76836268818:76836374300
write patch maxs@rasterization:76826955062:76826993906:76836259781:76836268522
write patch mins@rasterization:76826954523:76826980096:76836250151:76836259485
write patch ids@rasterization:76826952426:76826956022:76836245114:76836249855
CPU bound & split@host:76826678652:76826678652:76826678652:76826955501
sample@rasterization:76818055863:76818159602:76826565304:76826670044
shade@rasterization:76818054791:76818155302:76826523674:76826565156
dice@rasterization:76818053910:76818144018:76826491674:76826523526
write patch maxs@rasterization:76818052310:76818126298:76826482489:76826491526
write patch mins@rasterization:76818051634:76818106515:76826473304:76826482341
write patch ids@rasterization:76818050313:76818077283:76826460859:76826473156
CPU bound & split@host:76817977531:76817977531:76817977531:76818052733
sample@rasterization:76817976494:76818027386:76826337007:76826460711
shade@rasterization:76817975386:76818023916:76826270341:76826336859
dice@rasterization:76817974333:76818016818:76826221156:76826270193
write patch maxs@rasterization:76817972751:76818003357:76826211674:76826221007
write patch mins@rasterization:76817972236:76817989447:76826203230:76826211526
write patch ids@rasterization:76817971580:76817974294:76826191822:76826202933
CPU bound & split@host:76817852238:76817852238:76817852238:76817973124
sample@rasterization:76817851216:76817970102:76826067674:76826191526
shade@rasterization:76817850121:76817964472:76826004859:76826067526
dice@rasterization:76817849190:76817940630:76825907674:76825988563
write patch maxs@rasterization:76817847565:76817922780:76825897896:76825907526
write patch mins@rasterization:76817846948:76817902803:76825887526:76825897600
write patch ids@rasterization:76817845611:76817871234:76825872711:76825887230
CPU bound & split@host:76817693238:76817693238:76817693238:76817847977
sample@rasterization:76817692105:76817797979:76825745600:76825872415
shade@rasterization:76817690939:76817790242:76825655970:76825745304
dice@rasterization:76817689926:76817778655:76825587230:76825655674
write patch maxs@rasterization:76817688127:76817760529:76825577452:76825587081
write patch mins@rasterization:76817687403:76817740865:76825567970:76825577304
write patch ids@rasterization:76817685834:76817711572:76825550193:76825567822
CPU bound & split@host:76817524294:76817524294:76817524294:76817688590
sample@rasterization:76817523213:76817625242:76825394489:76825549896
shade@rasterization:76817522035:76817621125:76825291970:76825394193
dice@rasterization:76817521048:76817609678:76825212267:76825291674
write patch maxs@rasterization:76817519353:76817591815:76825203378:76825211970
write patch mins@rasterization:76817518830:76817572371:76824989156:76825203081
write patch ids@rasterization:76817517400:76817543151:76824973896:76824988859
CPU bound & split@host:76817320402:76817320402:76817320402:76817519792
sample@rasterization:76817319292:76817426917:76824808859:76824973600
shade@rasterization:76817318156:76817422838:76824712563:76824808563
dice@rasterization:76817317161:76817411411:76824631378:76824712267
write patch maxs@rasterization:76817315423:76817393239:76824618341:76824631081
write patch mins@rasterization:76817314839:76817371659:76824603822:76824618044
write patch ids@rasterization:76817313428:76817339158:76824593007:76824603378
CPU bound & split@host:76817139533:76817139533:76817139533:76817315828
sample@rasterization:76817138425:76817239342:76824431526:76824592563
shade@rasterization:76817137177:76817235486:76824338637:76824431230
dice@rasterization:76817136154:76817224297:76824255674:76824338193
write patch maxs@rasterization:76817134340:76817206768:76824240563:76824255378
write patch mins@rasterization:76817133776:76817187209:76824226193:76824240267
write patch ids@rasterization:76817132236:76817158166:76824085007:76824225896
CPU bound & split@host:76816969060:76816969060:76816969060:76817134785
sample@rasterization:76816967724:76817066798:76823896563:76824084711
shade@rasterization:76816966362:76817062490:76823769452:76823895970
dice@rasterization:76816965112:76817051217:76823645600:76823768859
write patch maxs@rasterization:76816962154:76817033481:76823601156:76823645007
write patch mins@rasterization:76816961567:76817014348:76823563378:76823600563
write patch ids@rasterization:76816959520:76816985813:76823542785:76823562785
CPU bound & split@host:76816752617:76816752617:76816752617:76816962966
clear depthbuffer@rasterization:76816739254:76816777812:76825236278:76825362056
clear framebuffer@rasterization:76816735483:76816763854:76824788130:76825235686
acquire framebuffer@rasterization:76816720058:76816761317:76824786945:76824787538
frame@host:76813610098:76813610098:76813610098:76950189192
